<?xml version="1.0" encoding="UTF-8"?>
<testsuite xmlns:xsi="http://www.w3.org/2001/XMLSchema-instance" xsi:noNamespaceSchemaLocation="https://maven.apache.org/surefire/maven-surefire-plugin/xsd/surefire-test-report.xsd" name="bareha.AppTest" time="0.14" tests="13" errors="0" skipped="0" failures="0">
  <properties>
[...]
</properties>
  <testcase name="resolveConfigDir_usesEnvOverrideWhenPresent" classname="bareha.AppTest" time="0.011"/>
  <testcase name="ensureSuccess_doesNotThrowOn2xx" classname="bareha.AppTest" time="0"/>
  <testcase name="shouldAnswerWithTrue" classname="bareha.AppTest" time="0"/>
  <testcase name="ensureSuccess_throwsOn4xxWithContextAndBody" classname="bareha.AppTest" time="0.01"/>
  <testcase name="buildSearchQuery_omitsAlbumWhenSameAsTrackName" classname="bareha.AppTest" time="0.021"/>
  <testcase name="collectAllTrackItems_stopsWhenNextIsNull" classname="bareha.AppTest" time="0.002"/>
  <testcase name="buildSearchQuery_returnsNullWhenTrackIsRemoved" classname="bareha.AppTest" time="0"/>
  <testcase name="collectAllTrackItems_followsPaginationAndMergesItemsInOrder" classname="bareha.AppTest" time="0.001"/>
  <testcase name="buildSearchQuery_separatesMultipleArtistsWithSpaces" classname="bareha.AppTest" time="0"/>
  <testcase name="estimateYoutubeQuotaUnits_accountsForPlaylistCreationSearchAndInsert" classname="bareha.AppTest" time="0"/>
  <testcase name="resolveConfigDir_fallsBackToUserHomeWhenOverrideIsNullOrBlank" classname="bareha.AppTest" time="0.007"/>
  <testcase name="buildSearchQuery_includesAlbumWhenDifferentFromTrackName" classname="bareha.AppTest" time="0"/>
  <testcase name="buildSearchQuery_handlesMissingAlbumName" classname="bareha.AppTest" time="0"/>
</testsuite>